[DEBUG] 2024-07-29 12:54:34.283 [main] TestNG - suiteXmlPath: "C:\Users\Marvo\Boiler_SeleniumTestNG\testng.xml"
[INFO ] 2024-07-29 12:54:38.689 [main] Utils - [TestNG] Running:
  C:\Users\Marvo\Boiler_SeleniumTestNG\testng.xml

[DEBUG] 2024-07-29 12:54:38.782 [TestNG-tests-1] WebDriverManager - Using WebDriverManager 5.9.1
[DEBUG] 2024-07-29 12:54:40.352 [TestNG-tests-1] ResolutionCache - Removing resolution chrome=126 from cache (expired on 2024-07-28T22:58:32.000+0100)
[DEBUG] 2024-07-29 12:54:40.400 [TestNG-tests-1] InternalHttpClient - ex-0000000001 preparing request execution
[DEBUG] 2024-07-29 12:54:40.409 [TestNG-tests-1] ProtocolExec - ex-0000000001 target auth state: UNCHALLENGED
[DEBUG] 2024-07-29 12:54:40.410 [TestNG-tests-1] ProtocolExec - ex-0000000001 proxy auth state: UNCHALLENGED
[DEBUG] 2024-07-29 12:54:40.433 [TestNG-tests-1] ConnectExec - ex-0000000001 acquiring connection with route {s}->https://raw.githubusercontent.com:443
[DEBUG] 2024-07-29 12:54:40.433 [TestNG-tests-1] InternalHttpClient - ex-0000000001 acquiring endpoint (3 MINUTES)
[DEBUG] 2024-07-29 12:54:40.434 [TestNG-tests-1] PoolingHttpClientConnectionManager - ex-0000000001 endpoint lease request (3 MINUTES) [route: {s}->https://raw.githubusercontent.com:443][total available: 0; route allocated: 0 of 5; total allocated: 0 of 25]
[DEBUG] 2024-07-29 12:54:40.438 [TestNG-tests-1] PoolingHttpClientConnectionManager - ex-0000000001 endpoint leased [route: {s}->https://raw.githubusercontent.com:443][total available: 0; route allocated: 1 of 5; total allocated: 1 of 25]
[DEBUG] 2024-07-29 12:54:40.452 [TestNG-tests-1] PoolingHttpClientConnectionManager - ex-0000000001 acquired ep-0000000001
[DEBUG] 2024-07-29 12:54:40.453 [TestNG-tests-1] InternalHttpClient - ex-0000000001 acquired endpoint ep-0000000001
[DEBUG] 2024-07-29 12:54:40.453 [TestNG-tests-1] ConnectExec - ex-0000000001 opening connection {s}->https://raw.githubusercontent.com:443
[DEBUG] 2024-07-29 12:54:40.453 [TestNG-tests-1] InternalHttpClient - ep-0000000001 connecting endpoint (null)
[DEBUG] 2024-07-29 12:54:40.455 [TestNG-tests-1] PoolingHttpClientConnectionManager - ep-0000000001 connecting endpoint to https://raw.githubusercontent.com:443 (30 SECONDS)
[DEBUG] 2024-07-29 12:54:40.455 [TestNG-tests-1] DefaultHttpClientConnectionOperator - raw.githubusercontent.com resolving remote address
[DEBUG] 2024-07-29 12:54:41.206 [TestNG-tests-1] DefaultHttpClientConnectionOperator - raw.githubusercontent.com resolved to [raw.githubusercontent.com/185.199.110.133, raw.githubusercontent.com/185.199.108.133, raw.githubusercontent.com/185.199.109.133, raw.githubusercontent.com/185.199.111.133]
[DEBUG] 2024-07-29 12:54:41.207 [TestNG-tests-1] DefaultHttpClientConnectionOperator - raw.githubusercontent.com:443 connecting null->raw.githubusercontent.com/185.199.110.133:443 (30 SECONDS)
[DEBUG] 2024-07-29 12:54:41.207 [TestNG-tests-1] SSLConnectionSocketFactory - Connecting socket to raw.githubusercontent.com/185.199.110.133:443 with timeout 30 SECONDS
[DEBUG] 2024-07-29 12:54:43.698 [TestNG-tests-1] SSLConnectionSocketFactory - Enabled protocols: [TLSv1.3, TLSv1.2]
[DEBUG] 2024-07-29 12:54:43.699 [TestNG-tests-1] SSLConnectionSocketFactory - Enabled cipher suites: [TLS_AES_256_GCM_SHA384, TLS_AES_128_GCM_SHA256, TLS_CHACHA20_POLY1305_SHA256, TLS_ECDHE_ECDSA_WITH_AES_256_GCM_SHA384, TLS_ECDHE_ECDSA_WITH_AES_128_GCM_SHA256, TLS_ECDHE_ECDSA_WITH_CHACHA20_POLY1305_SHA256, TLS_ECDHE_RSA_WITH_AES_256_GCM_SHA384, TLS_ECDHE_RSA_WITH_CHACHA20_POLY1305_SHA256, TLS_ECDHE_RSA_WITH_AES_128_GCM_SHA256, TLS_DHE_RSA_WITH_AES_256_GCM_SHA384, TLS_DHE_RSA_WITH_CHACHA20_POLY1305_SHA256, TLS_DHE_DSS_WITH_AES_256_GCM_SHA384, TLS_DHE_RSA_WITH_AES_128_GCM_SHA256, TLS_DHE_DSS_WITH_AES_128_GCM_SHA256, TLS_ECDHE_ECDSA_WITH_AES_256_CBC_SHA384, TLS_ECDHE_RSA_WITH_AES_256_CBC_SHA384, TLS_ECDHE_ECDSA_WITH_AES_128_CBC_SHA256, TLS_ECDHE_RSA_WITH_AES_128_CBC_SHA256, TLS_DHE_RSA_WITH_AES_256_CBC_SHA256, TLS_DHE_DSS_WITH_AES_256_CBC_SHA256, TLS_DHE_RSA_WITH_AES_128_CBC_SHA256, TLS_DHE_DSS_WITH_AES_128_CBC_SHA256, TLS_ECDHE_ECDSA_WITH_AES_256_CBC_SHA, TLS_ECDHE_RSA_WITH_AES_256_CBC_SHA, TLS_ECDHE_ECDSA_WITH_AES_128_CBC_SHA, TLS_ECDHE_RSA_WITH_AES_128_CBC_SHA, TLS_DHE_RSA_WITH_AES_256_CBC_SHA, TLS_DHE_DSS_WITH_AES_256_CBC_SHA, TLS_DHE_RSA_WITH_AES_128_CBC_SHA, TLS_DHE_DSS_WITH_AES_128_CBC_SHA, TLS_RSA_WITH_AES_256_GCM_SHA384, TLS_RSA_WITH_AES_128_GCM_SHA256, TLS_RSA_WITH_AES_256_CBC_SHA256, TLS_RSA_WITH_AES_128_CBC_SHA256, TLS_RSA_WITH_AES_256_CBC_SHA, TLS_RSA_WITH_AES_128_CBC_SHA, TLS_EMPTY_RENEGOTIATION_INFO_SCSV]
[DEBUG] 2024-07-29 12:54:43.699 [TestNG-tests-1] SSLConnectionSocketFactory - Starting handshake (null)
[DEBUG] 2024-07-29 12:54:44.412 [TestNG-tests-1] SSLConnectionSocketFactory - Secure session established
[DEBUG] 2024-07-29 12:54:44.412 [TestNG-tests-1] SSLConnectionSocketFactory -  negotiated protocol: TLSv1.3
[DEBUG] 2024-07-29 12:54:44.413 [TestNG-tests-1] SSLConnectionSocketFactory -  negotiated cipher suite: TLS_AES_128_GCM_SHA256
[DEBUG] 2024-07-29 12:54:44.415 [TestNG-tests-1] SSLConnectionSocketFactory -  peer principal: CN=*.github.io, O="GitHub, Inc.", L=San Francisco, ST=California, C=US
[DEBUG] 2024-07-29 12:54:44.416 [TestNG-tests-1] SSLConnectionSocketFactory -  peer alternative names: [*.github.io, github.io, githubusercontent.com, www.github.com, *.github.com, *.githubusercontent.com, github.com]
[DEBUG] 2024-07-29 12:54:44.416 [TestNG-tests-1] SSLConnectionSocketFactory -  issuer principal: CN=DigiCert Global G2 TLS RSA SHA256 2020 CA1, O=DigiCert Inc, C=US
[DEBUG] 2024-07-29 12:54:44.416 [TestNG-tests-1] DefaultManagedHttpClientConnection - http-outgoing-0 set socket timeout to 3 MINUTES
[DEBUG] 2024-07-29 12:54:44.417 [TestNG-tests-1] DefaultHttpClientConnectionOperator - raw.githubusercontent.com:443 connected null->raw.githubusercontent.com/185.199.110.133:443 as http-outgoing-0
[DEBUG] 2024-07-29 12:54:44.417 [TestNG-tests-1] PoolingHttpClientConnectionManager - ep-0000000001 connected http-outgoing-0
[DEBUG] 2024-07-29 12:54:44.417 [TestNG-tests-1] InternalHttpClient - ep-0000000001 endpoint connected
[DEBUG] 2024-07-29 12:54:44.417 [TestNG-tests-1] MainClientExec - ex-0000000001 executing GET /bonigarcia/webdrivermanager/master/src/main/resources/commands.properties HTTP/1.1
[DEBUG] 2024-07-29 12:54:44.417 [TestNG-tests-1] RequestAddCookies - ex-0000000001 Cookie spec selected: strict
[DEBUG] 2024-07-29 12:54:44.543 [TestNG-tests-1] InternalHttpClient - ep-0000000001 start execution ex-0000000001
[DEBUG] 2024-07-29 12:54:44.543 [TestNG-tests-1] PoolingHttpClientConnectionManager - ep-0000000001 executing exchange ex-0000000001 over http-outgoing-0
[DEBUG] 2024-07-29 12:54:44.544 [TestNG-tests-1] headers - http-outgoing-0 >> GET /bonigarcia/webdrivermanager/master/src/main/resources/commands.properties HTTP/1.1
[DEBUG] 2024-07-29 12:54:44.544 [TestNG-tests-1] headers - http-outgoing-0 >> user-agent: Apache-HttpClient/5.0
[DEBUG] 2024-07-29 12:54:44.544 [TestNG-tests-1] headers - http-outgoing-0 >> accept-encoding: gzip, deflate, br
[DEBUG] 2024-07-29 12:54:44.544 [TestNG-tests-1] headers - http-outgoing-0 >> cache-control: max-age=0
[DEBUG] 2024-07-29 12:54:44.544 [TestNG-tests-1] headers - http-outgoing-0 >> connection: keep-alive
[DEBUG] 2024-07-29 12:54:44.544 [TestNG-tests-1] headers - http-outgoing-0 >> Host: raw.githubusercontent.com
[DEBUG] 2024-07-29 12:54:44.544 [TestNG-tests-1] wire - http-outgoing-0 >> "GET /bonigarcia/webdrivermanager/master/src/main/resources/commands.properties HTTP/1.1[\r][\n]"
[DEBUG] 2024-07-29 12:54:44.544 [TestNG-tests-1] wire - http-outgoing-0 >> "user-agent: Apache-HttpClient/5.0[\r][\n]"
[DEBUG] 2024-07-29 12:54:44.544 [TestNG-tests-1] wire - http-outgoing-0 >> "accept-encoding: gzip, deflate, br[\r][\n]"
[DEBUG] 2024-07-29 12:54:44.545 [TestNG-tests-1] wire - http-outgoing-0 >> "cache-control: max-age=0[\r][\n]"
[DEBUG] 2024-07-29 12:54:44.545 [TestNG-tests-1] wire - http-outgoing-0 >> "connection: keep-alive[\r][\n]"
[DEBUG] 2024-07-29 12:54:44.545 [TestNG-tests-1] wire - http-outgoing-0 >> "Host: raw.githubusercontent.com[\r][\n]"
[DEBUG] 2024-07-29 12:54:44.545 [TestNG-tests-1] wire - http-outgoing-0 >> "[\r][\n]"
[DEBUG] 2024-07-29 12:54:45.888 [TestNG-tests-1] wire - http-outgoing-0 << "HTTP/1.1 200 OK[\r][\n]"
[DEBUG] 2024-07-29 12:54:45.888 [TestNG-tests-1] wire - http-outgoing-0 << "Connection: keep-alive[\r][\n]"
[DEBUG] 2024-07-29 12:54:45.888 [TestNG-tests-1] wire - http-outgoing-0 << "Content-Length: 745[\r][\n]"
[DEBUG] 2024-07-29 12:54:45.888 [TestNG-tests-1] wire - http-outgoing-0 << "Cache-Control: max-age=300[\r][\n]"
[DEBUG] 2024-07-29 12:54:45.888 [TestNG-tests-1] wire - http-outgoing-0 << "Content-Security-Policy: default-src 'none'; style-src 'unsafe-inline'; sandbox[\r][\n]"
[DEBUG] 2024-07-29 12:54:45.889 [TestNG-tests-1] wire - http-outgoing-0 << "Content-Type: text/plain; charset=utf-8[\r][\n]"
[DEBUG] 2024-07-29 12:54:45.889 [TestNG-tests-1] wire - http-outgoing-0 << "ETag: W/"dd41edff335272162022217759820159dac501cff56850e2510f504462cd9b5f"[\r][\n]"
[DEBUG] 2024-07-29 12:54:45.889 [TestNG-tests-1] wire - http-outgoing-0 << "Strict-Transport-Security: max-age=31536000[\r][\n]"
[DEBUG] 2024-07-29 12:54:45.889 [TestNG-tests-1] wire - http-outgoing-0 << "X-Content-Type-Options: nosniff[\r][\n]"
[DEBUG] 2024-07-29 12:54:45.889 [TestNG-tests-1] wire - http-outgoing-0 << "X-Frame-Options: deny[\r][\n]"
[DEBUG] 2024-07-29 12:54:45.889 [TestNG-tests-1] wire - http-outgoing-0 << "X-XSS-Protection: 1; mode=block[\r][\n]"
[DEBUG] 2024-07-29 12:54:45.889 [TestNG-tests-1] wire - http-outgoing-0 << "X-GitHub-Request-Id: 6C76:0DC4:182C2CE:19551E9:66A4284A[\r][\n]"
[DEBUG] 2024-07-29 12:54:45.889 [TestNG-tests-1] wire - http-outgoing-0 << "Content-Encoding: gzip[\r][\n]"
[DEBUG] 2024-07-29 12:54:45.889 [TestNG-tests-1] wire - http-outgoing-0 << "Accept-Ranges: bytes[\r][\n]"
[DEBUG] 2024-07-29 12:54:45.889 [TestNG-tests-1] wire - http-outgoing-0 << "Date: Mon, 29 Jul 2024 11:54:45 GMT[\r][\n]"
[DEBUG] 2024-07-29 12:54:45.889 [TestNG-tests-1] wire - http-outgoing-0 << "Via: 1.1 varnish[\r][\n]"
[DEBUG] 2024-07-29 12:54:45.889 [TestNG-tests-1] wire - http-outgoing-0 << "X-Served-By: cache-par-lfpg1960071-PAR[\r][\n]"
[DEBUG] 2024-07-29 12:54:45.889 [TestNG-tests-1] wire - http-outgoing-0 << "X-Cache: HIT[\r][\n]"
[DEBUG] 2024-07-29 12:54:45.889 [TestNG-tests-1] wire - http-outgoing-0 << "X-Cache-Hits: 1[\r][\n]"
[DEBUG] 2024-07-29 12:54:45.889 [TestNG-tests-1] wire - http-outgoing-0 << "X-Timer: S1722254086.952294,VS0,VE1[\r][\n]"
[DEBUG] 2024-07-29 12:54:45.889 [TestNG-tests-1] wire - http-outgoing-0 << "Vary: Authorization,Accept-Encoding,Origin[\r][\n]"
[DEBUG] 2024-07-29 12:54:45.889 [TestNG-tests-1] wire - http-outgoing-0 << "Access-Control-Allow-Origin: *[\r][\n]"
[DEBUG] 2024-07-29 12:54:45.889 [TestNG-tests-1] wire - http-outgoing-0 << "Cross-Origin-Resource-Policy: cross-origin[\r][\n]"
[DEBUG] 2024-07-29 12:54:45.890 [TestNG-tests-1] wire - http-outgoing-0 << "X-Fastly-Request-ID: 9e0e5c087d66dff9142c52dd82bc25514fd909a4[\r][\n]"
[DEBUG] 2024-07-29 12:54:45.890 [TestNG-tests-1] wire - http-outgoing-0 << "Expires: Mon, 29 Jul 2024 11:59:45 GMT[\r][\n]"
[DEBUG] 2024-07-29 12:54:45.890 [TestNG-tests-1] wire - http-outgoing-0 << "Source-Age: 260[\r][\n]"
[DEBUG] 2024-07-29 12:54:45.890 [TestNG-tests-1] wire - http-outgoing-0 << "[\r][\n]"
[DEBUG] 2024-07-29 12:54:45.912 [TestNG-tests-1] headers - http-outgoing-0 << HTTP/1.1 200 OK
[DEBUG] 2024-07-29 12:54:45.913 [TestNG-tests-1] headers - http-outgoing-0 << Connection: keep-alive
[DEBUG] 2024-07-29 12:54:45.913 [TestNG-tests-1] headers - http-outgoing-0 << Content-Length: 745
[DEBUG] 2024-07-29 12:54:45.913 [TestNG-tests-1] headers - http-outgoing-0 << Cache-Control: max-age=300
[DEBUG] 2024-07-29 12:54:45.913 [TestNG-tests-1] headers - http-outgoing-0 << Content-Security-Policy: default-src 'none'; style-src 'unsafe-inline'; sandbox
[DEBUG] 2024-07-29 12:54:45.913 [TestNG-tests-1] headers - http-outgoing-0 << Content-Type: text/plain; charset=utf-8
[DEBUG] 2024-07-29 12:54:45.913 [TestNG-tests-1] headers - http-outgoing-0 << ETag: W/"dd41edff335272162022217759820159dac501cff56850e2510f504462cd9b5f"
[DEBUG] 2024-07-29 12:54:45.913 [TestNG-tests-1] headers - http-outgoing-0 << Strict-Transport-Security: max-age=31536000
[DEBUG] 2024-07-29 12:54:45.913 [TestNG-tests-1] headers - http-outgoing-0 << X-Content-Type-Options: nosniff
[DEBUG] 2024-07-29 12:54:45.913 [TestNG-tests-1] headers - http-outgoing-0 << X-Frame-Options: deny
[DEBUG] 2024-07-29 12:54:45.913 [TestNG-tests-1] headers - http-outgoing-0 << X-XSS-Protection: 1; mode=block
[DEBUG] 2024-07-29 12:54:45.913 [TestNG-tests-1] headers - http-outgoing-0 << X-GitHub-Request-Id: 6C76:0DC4:182C2CE:19551E9:66A4284A
[DEBUG] 2024-07-29 12:54:45.913 [TestNG-tests-1] headers - http-outgoing-0 << Content-Encoding: gzip
[DEBUG] 2024-07-29 12:54:45.913 [TestNG-tests-1] headers - http-outgoing-0 << Accept-Ranges: bytes
[DEBUG] 2024-07-29 12:54:45.913 [TestNG-tests-1] headers - http-outgoing-0 << Date: Mon, 29 Jul 2024 11:54:45 GMT
[DEBUG] 2024-07-29 12:54:45.914 [TestNG-tests-1] headers - http-outgoing-0 << Via: 1.1 varnish
[DEBUG] 2024-07-29 12:54:45.914 [TestNG-tests-1] headers - http-outgoing-0 << X-Served-By: cache-par-lfpg1960071-PAR
[DEBUG] 2024-07-29 12:54:45.914 [TestNG-tests-1] headers - http-outgoing-0 << X-Cache: HIT
[DEBUG] 2024-07-29 12:54:45.914 [TestNG-tests-1] headers - http-outgoing-0 << X-Cache-Hits: 1
[DEBUG] 2024-07-29 12:54:45.914 [TestNG-tests-1] headers - http-outgoing-0 << X-Timer: S1722254086.952294,VS0,VE1
[DEBUG] 2024-07-29 12:54:45.914 [TestNG-tests-1] headers - http-outgoing-0 << Vary: Authorization,Accept-Encoding,Origin
[DEBUG] 2024-07-29 12:54:45.914 [TestNG-tests-1] headers - http-outgoing-0 << Access-Control-Allow-Origin: *
[DEBUG] 2024-07-29 12:54:45.914 [TestNG-tests-1] headers - http-outgoing-0 << Cross-Origin-Resource-Policy: cross-origin
[DEBUG] 2024-07-29 12:54:45.914 [TestNG-tests-1] headers - http-outgoing-0 << X-Fastly-Request-ID: 9e0e5c087d66dff9142c52dd82bc25514fd909a4
[DEBUG] 2024-07-29 12:54:45.914 [TestNG-tests-1] headers - http-outgoing-0 << Expires: Mon, 29 Jul 2024 11:59:45 GMT
[DEBUG] 2024-07-29 12:54:45.914 [TestNG-tests-1] headers - http-outgoing-0 << Source-Age: 260
[DEBUG] 2024-07-29 12:54:45.916 [TestNG-tests-1] MainClientExec - ex-0000000001 connection can be kept alive for 3 MINUTES
[DEBUG] 2024-07-29 12:54:45.944 [TestNG-tests-1] wire - http-outgoing-0 << "[0x1f][0xffffff8b][0x8][0x0][0x0][0x0][0x0][0x0][0x0][0x3][0xffffffb5]W]o[0xffffffda]0[0x14]}[0xffffffe7]W\QUj% [0x1b][0xffffffad][0xffffffa6]i[0x12][0xf]4c[0xffffffdd]4*[0x18][0xffffffb4][0xffffffdd]&[0xfffffff9][0xffffffc5]$N[0xffffffb0][0xffffff94][0xffffffd8][0xffffffc8]NJ[0xffffffb7]_?[0xffffffdb][0xfffffff9]X[0xffffff92]:[0xffffffa3]k[0xffffffe8][0x1b][0xffffffb6][0xffffffef]=[0xffffffe7][0xffffffd8][0xfffffff7][0xffffffe4][0xffffffda][0xffffff9c][0xffffff80][0xffffffcb][0xffffffe3][0x18]3_[0xffffff82][0xffffff8f][0x13][0xffffffbc][0xffffffc1][0xffffff92][0xfffffff4]N[0xffffffe0]vK%[0x4]4"[0xffffffe0]q[0xffffff96]`[0xffffffca]$$[=[0xffffffc8]C[0x13][0xe][0x1b][0x2][0xffffffe4][0xffffff91]xiB|[0xffffffa0][0xffffffcc],[0xffffffcb]-[0xffffff89]"=[0xffffffe0][0xffffffc2]'B[0x7][0xfffffff9]$!^b[0x16][0x1f][0xffffff88][0xffffff90][0xffffff94][0xffffffab][0xffffffb5][0x0][0xffffff88][0xfffffffa][0x1d][\n]"
[DEBUG] 2024-07-29 12:54:45.944 [TestNG-tests-1] wire - http-outgoing-0 << "B[0x18]l[0x4][0xffffffdf]K[0xffffffb5][0xffffffa0]([0xffffffcf][0xffffffdc][0xffffffad][0xffffffe0]1[0x19][0xffffffc0]'*H[0xffffffc0][0x1f][0x7][0xffffffb0][0xffffffd8][0x11][0xffffff81][0x7]0[0xfffffff3]C5kVi[0x1a][0xffffff9f]k|[0xffffff9f][0x6][0x1][0x11][0xffffff84]%[0xffffffc0]uLBY[0x8][0xfffffff2][0xffffff97]LH,[0xffffffe1][0xffffffec];e[0xffffffbe]B[0x1d][0xffffffc0][0xffffff9c][0xffffffb2]T[0xffffffc1][0xffffffdc]`[0xf][0x16][0xffffffeb][0xfffffff3][0xffffff9e][0xffffffe2][0xffffffc8](z[0xfffffff9]6F[0xffffff9e][0x19][0xffffff8e][0xfffffff6]Y[0xffffffc2][0xffffffe8][0xffffffcd][0xffffffdb][0xffffff89][0x17][0xfffffffb]#[0xffffffb5]+p\[0xffffffd8][0xffffffc7][0xffffffd4]3Gb[0xffffff8e]a[0xffffffbf]U|[0xffffffc0]pL&[0xfffffffd][0xffffffd3][0xffffffe5]jq[0xffffffbd][0xffffff9a][0xffffffde]|[0xfffffffa]2[0xffffff9f][0xffffffad]?[0xffffffa0][0x9]B[0xffffffa7][0x8]]s[0x1e]F[0x4][0xffffffa1][0xffffff8c][0x2][0xffffffa1][0xffffffe9]n[0x17]QOI[0xffffffe3][0xc][0xffffffa1][0xffffff9c]H![0xfffffff7]!$[0x9][0xffffffdc][0xffffffe7]g[0xffffffe1]<[0xffffffe0](m[0xffffffd7]3~[0xffffff81][0xffffff9e][0xffffffb3][0x1f][0xffffffef][0xffffffdf][0xffffff9d][0xffffffbf][0xffffffa6][0xffffffa8][0xffffff8b]g[0xffffff8a][0xffffff9a]/[0xffffffdc][0xffffffe9]|[0xffffffba]\~[0xffffff9c][0xffffffde]N_S[0xffffffcf][0xffffffe5]d5[0xffffffbb][0xffffff86]ow[0xffffffb3][0xffffffd5]O[0xfffffff8][0xfffffffc][0xffffffd5][0xffffffbd]Ck[0x1e]${,H[0xffffffc1][0xffffff96][0xffffff93]][0xffffffcd][0xffffffaf][0x8][0xfffffff6][0xc]^[0xffffffe1][0xffffffc5]^[0x13]4[0xffffffd2][0xffffff8e][0xffffffd1]>pR)[0xffffff9c][\r]eNh0[0xffffff86][0xffffffd9]:[0xc][0xffffff87]E[0xffffffa6]=q<i[0xffffff8b]o&[0xffffffc4][0xffffffd8]3<[0xffffff95][0x13][0xffffff90]N&8w[0xffffffe9][0x8][0xffffffef]v[0xffffff8e][0xffffffab][0xffffffbe]>es[0xffffffe9]([0x13]/[0xffffffd6][0xfffffff5][0xffffff80]*[0xffffffba][0xfffffff2]v[0xfffffffe][0xffffffd9][0xffffff94]DA6>[0xffffff8e][0xffffffbb]o[0xfffffff8]o[0x1a]E[0xffffffb8] A[0xffffffa8]@?T[0xffffffad]'*:{[0xfffffffa]xR.*[0xffffffce][0xffffffe9][0xffffffd7][0xffffffad][0xffffff93][0xffffff93]4[0xffffffc9][0xfffffffa][0xffffffda]<n*t[0xffffffeb][0xffffffb9]oV[0xffffffb6][0xffffffc0]/M[0xffffff94]O[0xffffffc0][0xfffffff0][0xffffffe1]i[0xffffff90][0xffffffb5][0xfffffffe]9[0xffffff8b][0xffffffad][0xfffffff2]U,Ul[0xffffffdd][0x13]KL[0xffffffa2][0x6][0xffffffdd][0xffffffca]\?`[0xffffffea][0x9].[0xffffffd5]I [0xffffffa4]i[0x1a]_i,[\r][0xffffffdd][0xffffffa1][0xffffffc3][0xffffffae]kzI[0xffffffd1]_Q[0xffffffce]Ek[0xffffffcb][0xfffffff8]Kf[0xffffffb8][0xfffffffe][0xffffffd9]3[0xc][0xffffffe6][0xffffffd3][0xffffff8e][0x11][0x17][0x10]C[0x1d]`i[0x19][0xffffffd5][0xffffffbc][0xfffffff1][0xffffffa4]5[0xffffffbc][0x1e]o[0xfffffff5]K[0xffffffa9][0xffffffd6][0xfffffff8][0xffffffc1]f[0xffffff9b]z[0x4][0xffffffd4][0x1a][0xffffff86][0xffffffb9]^K[0x16]s[0xffffff91][0xfffffffe][0xffffffbf][0xffffff8b]l]~)x(p,[0x11]2[0x14][0x8]E8e[0xffffff9e][0xffffffca]:X[0xffffffa6][0xffffff86][0xffffff88].[0xffffffb6]9[0xffffff9a][0xffffff88].[0xfffffff7]]G[0xffffffea][0xffffffcb][0xe][0xfffffffb][0x7f].u[0xffffff83][0xffffffbb][0xfffffff4][0xffffffb3][0x19][0xffffffda][0xffffffec][0xffffff98][0xffffffc5]Y[0xfffffffd]h8m6\4[0xffffffc1][0xffffff8a][0xffffffb7][0xffffff98]z[0xffffffd0][0xffffffd5]oF5q[0x1c][0x13][0x16][0xfffffff0][0x1d][0x1e][0x19]5-[0xffffff9d][0xffffffef][0xffffffad]c[0xb]z[0xffffffae]/m[0xffffffe6]8[0xffffffb6][0xffffff96][0xfffffff6]7X[0xffffffc9]t[0xfffffff8][0xfffffff9][0xffffffa5][0x11]K[0xfffffffb][0x15]3[0xffffffc3][0xfffffffc][0x1f]B[0xffffffdb][0xffffffd3][0xffffffab][0xffffff92]4.[0xffffff93]Z[0xffffffdf]]:[0xffffffda][0xffffffea][0xffffffdc]B[0xffffffa6][0xffffffcd][0xffffffbc][0xffffffae][0x5][0xfffffff5][0x4][0xffffffd6]8[0xffffffc0][0xffffff82][0xffffff96][0xfffffff0][0xffffffd2][0xc][0xffffffed][0xffffffe0]Y[0xffffffa8][\r]:[[0xffffffa9][0x0][0xffffffff][0x1][0xfffffff8][0x15][0xffffffb4][0xffffffee][0xffffff8e][\r][0x0][0x0]"
[DEBUG] 2024-07-29 12:54:45.945 [TestNG-tests-1] InternalHttpClient - ep-0000000001 releasing valid endpoint
[DEBUG] 2024-07-29 12:54:45.945 [TestNG-tests-1] PoolingHttpClientConnectionManager - ep-0000000001 releasing endpoint
[DEBUG] 2024-07-29 12:54:45.945 [TestNG-tests-1] PoolingHttpClientConnectionManager - ep-0000000001 connection http-outgoing-0 can be kept alive for 3 MINUTES
[DEBUG] 2024-07-29 12:54:45.946 [TestNG-tests-1] PoolingHttpClientConnectionManager - ep-0000000001 connection released [route: {s}->https://raw.githubusercontent.com:443][total available: 1; route allocated: 1 of 5; total allocated: 1 of 25]
[DEBUG] 2024-07-29 12:54:45.946 [TestNG-tests-1] VersionDetector - Detecting chrome version using online commands.properties
[DEBUG] 2024-07-29 12:54:45.978 [TestNG-tests-1] Shell - Running command on the shell: [cmd.exe, /C, wmic, datafile, where, name="%PROGRAMFILES:\=\\%\\Google\\Chrome\\Application\\chrome.exe", get, Version, /value]
[DEBUG] 2024-07-29 12:54:50.741 [TestNG-tests-1] Shell - Result: Version=126.0.6478.185
[DEBUG] 2024-07-29 12:54:50.743 [TestNG-tests-1] ResolutionCache - Resolution chrome126=126.0.6478.182 in cache (valid until 16:45:16 29/07/2024 WAT)
[INFO ] 2024-07-29 12:54:50.743 [TestNG-tests-1] WebDriverManager - Using chromedriver 126.0.6478.182 (resolved driver for Chrome 126)
[DEBUG] 2024-07-29 12:54:50.745 [TestNG-tests-1] ResolutionCache - Storing resolution chrome=126 in cache (valid until 13:54:50 29/07/2024 WAT)
[DEBUG] 2024-07-29 12:54:51.025 [TestNG-tests-1] WebDriverManager - Driver chromedriver 126.0.6478.182 found in cache
[INFO ] 2024-07-29 12:54:51.026 [TestNG-tests-1] WebDriverManager - Exporting webdriver.chrome.driver as C:\Users\Marvo\.cache\selenium\chromedriver\win64\126.0.6478.182\chromedriver.exe
[INFO ] 2024-07-29 12:55:44.337 [TestNG-tests-1] TestBase - Opened WebPage
[DEBUG] 2024-07-29 12:56:44.601 [main] TestNG - suiteXmlPath: "C:\Users\Marvo\Boiler_SeleniumTestNG\testng.xml"
[INFO ] 2024-07-29 12:56:44.887 [main] Utils - [TestNG] Running:
  C:\Users\Marvo\Boiler_SeleniumTestNG\testng.xml

[DEBUG] 2024-07-29 12:56:44.929 [TestNG-tests-1] WebDriverManager - Using WebDriverManager 5.9.1
[DEBUG] 2024-07-29 12:56:45.272 [TestNG-tests-1] ResolutionCache - Resolution chrome=126 in cache (valid until 13:54:50 29/07/2024 WAT)
[DEBUG] 2024-07-29 12:56:45.273 [TestNG-tests-1] ResolutionCache - Resolution chrome126=126.0.6478.182 in cache (valid until 16:45:16 29/07/2024 WAT)
[INFO ] 2024-07-29 12:56:45.274 [TestNG-tests-1] WebDriverManager - Using chromedriver 126.0.6478.182 (resolved driver for Chrome 126)
[DEBUG] 2024-07-29 12:56:45.304 [TestNG-tests-1] WebDriverManager - Driver chromedriver 126.0.6478.182 found in cache
[INFO ] 2024-07-29 12:56:45.304 [TestNG-tests-1] WebDriverManager - Exporting webdriver.chrome.driver as C:\Users\Marvo\.cache\selenium\chromedriver\win64\126.0.6478.182\chromedriver.exe
[INFO ] 2024-07-29 12:57:02.328 [TestNG-tests-1] TestBase - Opened WebPage
[DEBUG] 2024-07-29 12:57:32.683 [main] TestNG - suiteXmlPath: "C:\Users\Marvo\Boiler_SeleniumTestNG\testng.xml"
[INFO ] 2024-07-29 12:57:32.953 [main] Utils - [TestNG] Running:
  C:\Users\Marvo\Boiler_SeleniumTestNG\testng.xml

[DEBUG] 2024-07-29 12:57:32.997 [TestNG-tests-1] WebDriverManager - Using WebDriverManager 5.9.1
[DEBUG] 2024-07-29 12:57:33.348 [TestNG-tests-1] ResolutionCache - Resolution chrome=126 in cache (valid until 13:54:50 29/07/2024 WAT)
[DEBUG] 2024-07-29 12:57:33.349 [TestNG-tests-1] ResolutionCache - Resolution chrome126=126.0.6478.182 in cache (valid until 16:45:16 29/07/2024 WAT)
[INFO ] 2024-07-29 12:57:33.350 [TestNG-tests-1] WebDriverManager - Using chromedriver 126.0.6478.182 (resolved driver for Chrome 126)
[DEBUG] 2024-07-29 12:57:33.376 [TestNG-tests-1] WebDriverManager - Driver chromedriver 126.0.6478.182 found in cache
[INFO ] 2024-07-29 12:57:33.377 [TestNG-tests-1] WebDriverManager - Exporting webdriver.chrome.driver as C:\Users\Marvo\.cache\selenium\chromedriver\win64\126.0.6478.182\chromedriver.exe
[INFO ] 2024-07-29 12:57:48.012 [TestNG-tests-1] TestBase - Opened WebPage
[DEBUG] 2024-07-29 13:00:28.198 [main] TestNG - suiteXmlPath: "C:\Users\Marvo\Boiler_SeleniumTestNG\testng.xml"
[INFO ] 2024-07-29 13:00:28.480 [main] Utils - [TestNG] Running:
  C:\Users\Marvo\Boiler_SeleniumTestNG\testng.xml

[DEBUG] 2024-07-29 13:00:28.521 [TestNG-tests-1] WebDriverManager - Using WebDriverManager 5.9.1
[DEBUG] 2024-07-29 13:00:28.870 [TestNG-tests-1] ResolutionCache - Resolution chrome=126 in cache (valid until 13:54:50 29/07/2024 WAT)
[DEBUG] 2024-07-29 13:00:28.871 [TestNG-tests-1] ResolutionCache - Resolution chrome126=126.0.6478.182 in cache (valid until 16:45:16 29/07/2024 WAT)
[INFO ] 2024-07-29 13:00:28.872 [TestNG-tests-1] WebDriverManager - Using chromedriver 126.0.6478.182 (resolved driver for Chrome 126)
[DEBUG] 2024-07-29 13:00:28.900 [TestNG-tests-1] WebDriverManager - Driver chromedriver 126.0.6478.182 found in cache
[INFO ] 2024-07-29 13:00:28.901 [TestNG-tests-1] WebDriverManager - Exporting webdriver.chrome.driver as C:\Users\Marvo\.cache\selenium\chromedriver\win64\126.0.6478.182\chromedriver.exe
[INFO ] 2024-07-29 13:01:20.967 [TestNG-tests-1] TestBase - Opened WebPage
[DEBUG] 2024-07-29 13:01:51.389 [main] TestNG - suiteXmlPath: "C:\Users\Marvo\Boiler_SeleniumTestNG\testng.xml"
[INFO ] 2024-07-29 13:01:51.695 [main] Utils - [TestNG] Running:
  C:\Users\Marvo\Boiler_SeleniumTestNG\testng.xml

[DEBUG] 2024-07-29 13:01:51.738 [TestNG-tests-1] WebDriverManager - Using WebDriverManager 5.9.1
[DEBUG] 2024-07-29 13:01:52.119 [TestNG-tests-1] ResolutionCache - Resolution chrome=126 in cache (valid until 13:54:50 29/07/2024 WAT)
[DEBUG] 2024-07-29 13:01:52.121 [TestNG-tests-1] ResolutionCache - Resolution chrome126=126.0.6478.182 in cache (valid until 16:45:16 29/07/2024 WAT)
[INFO ] 2024-07-29 13:01:52.121 [TestNG-tests-1] WebDriverManager - Using chromedriver 126.0.6478.182 (resolved driver for Chrome 126)
[DEBUG] 2024-07-29 13:01:52.156 [TestNG-tests-1] WebDriverManager - Driver chromedriver 126.0.6478.182 found in cache
[INFO ] 2024-07-29 13:01:52.158 [TestNG-tests-1] WebDriverManager - Exporting webdriver.chrome.driver as C:\Users\Marvo\.cache\selenium\chromedriver\win64\126.0.6478.182\chromedriver.exe
[INFO ] 2024-07-29 13:02:41.587 [TestNG-tests-1] TestBase - Opened WebPage
[DEBUG] 2024-07-29 13:07:31.252 [main] TestNG - suiteXmlPath: "C:\Users\Marvo\Boiler_SeleniumTestNG\testng.xml"
[INFO ] 2024-07-29 13:07:31.555 [main] Utils - [TestNG] Running:
  C:\Users\Marvo\Boiler_SeleniumTestNG\testng.xml

[DEBUG] 2024-07-29 13:07:31.595 [TestNG-tests-1] WebDriverManager - Using WebDriverManager 5.9.1
[DEBUG] 2024-07-29 13:07:31.918 [TestNG-tests-1] ResolutionCache - Resolution chrome=126 in cache (valid until 13:54:50 29/07/2024 WAT)
[DEBUG] 2024-07-29 13:07:31.919 [TestNG-tests-1] ResolutionCache - Resolution chrome126=126.0.6478.182 in cache (valid until 16:45:16 29/07/2024 WAT)
[INFO ] 2024-07-29 13:07:31.919 [TestNG-tests-1] WebDriverManager - Using chromedriver 126.0.6478.182 (resolved driver for Chrome 126)
[DEBUG] 2024-07-29 13:07:31.941 [TestNG-tests-1] WebDriverManager - Driver chromedriver 126.0.6478.182 found in cache
[INFO ] 2024-07-29 13:07:31.941 [TestNG-tests-1] WebDriverManager - Exporting webdriver.chrome.driver as C:\Users\Marvo\.cache\selenium\chromedriver\win64\126.0.6478.182\chromedriver.exe
[INFO ] 2024-07-29 13:07:40.060 [TestNG-tests-1] TestBase - Opened WebPage
[DEBUG] 2024-07-29 13:20:44.147 [main] TestNG - suiteXmlPath: "C:\Users\Marvo\Boiler_SeleniumTestNG\testng.xml"
[INFO ] 2024-07-29 13:20:44.449 [main] Utils - [TestNG] Running:
  C:\Users\Marvo\Boiler_SeleniumTestNG\testng.xml

[DEBUG] 2024-07-29 13:20:44.489 [TestNG-tests-1] WebDriverManager - Using WebDriverManager 5.9.1
[DEBUG] 2024-07-29 13:20:44.823 [TestNG-tests-1] ResolutionCache - Resolution chrome=126 in cache (valid until 13:54:50 29/07/2024 WAT)
[DEBUG] 2024-07-29 13:20:44.824 [TestNG-tests-1] ResolutionCache - Resolution chrome126=126.0.6478.182 in cache (valid until 16:45:16 29/07/2024 WAT)
[INFO ] 2024-07-29 13:20:44.825 [TestNG-tests-1] WebDriverManager - Using chromedriver 126.0.6478.182 (resolved driver for Chrome 126)
[DEBUG] 2024-07-29 13:20:44.852 [TestNG-tests-1] WebDriverManager - Driver chromedriver 126.0.6478.182 found in cache
[INFO ] 2024-07-29 13:20:44.853 [TestNG-tests-1] WebDriverManager - Exporting webdriver.chrome.driver as C:\Users\Marvo\.cache\selenium\chromedriver\win64\126.0.6478.182\chromedriver.exe
[INFO ] 2024-07-29 13:20:52.993 [TestNG-tests-1] TestBase - Opened WebPage
[DEBUG] 2024-07-29 13:21:25.419 [main] TestNG - suiteXmlPath: "C:\Users\Marvo\Boiler_SeleniumTestNG\testng.xml"
[INFO ] 2024-07-29 13:21:25.695 [main] Utils - [TestNG] Running:
  C:\Users\Marvo\Boiler_SeleniumTestNG\testng.xml

[DEBUG] 2024-07-29 13:21:25.753 [TestNG-tests-1] WebDriverManager - Using WebDriverManager 5.9.1
[DEBUG] 2024-07-29 13:21:26.072 [TestNG-tests-1] ResolutionCache - Resolution chrome=126 in cache (valid until 13:54:50 29/07/2024 WAT)
[DEBUG] 2024-07-29 13:21:26.073 [TestNG-tests-1] ResolutionCache - Resolution chrome126=126.0.6478.182 in cache (valid until 16:45:16 29/07/2024 WAT)
[INFO ] 2024-07-29 13:21:26.074 [TestNG-tests-1] WebDriverManager - Using chromedriver 126.0.6478.182 (resolved driver for Chrome 126)
[DEBUG] 2024-07-29 13:21:26.101 [TestNG-tests-1] WebDriverManager - Driver chromedriver 126.0.6478.182 found in cache
[INFO ] 2024-07-29 13:21:26.102 [TestNG-tests-1] WebDriverManager - Exporting webdriver.chrome.driver as C:\Users\Marvo\.cache\selenium\chromedriver\win64\126.0.6478.182\chromedriver.exe
[INFO ] 2024-07-29 13:21:34.622 [TestNG-tests-1] TestBase - Opened WebPage
[DEBUG] 2024-07-29 13:25:53.735 [main] TestNG - suiteXmlPath: "C:\Users\Marvo\Boiler_SeleniumTestNG\testng.xml"
[INFO ] 2024-07-29 13:25:54.526 [main] Utils - [TestNG] Running:
  C:\Users\Marvo\Boiler_SeleniumTestNG\testng.xml

[DEBUG] 2024-07-29 13:25:54.574 [TestNG-tests-1] WebDriverManager - Using WebDriverManager 5.9.1
[DEBUG] 2024-07-29 13:25:54.897 [TestNG-tests-1] ResolutionCache - Resolution chrome=126 in cache (valid until 13:54:50 29/07/2024 WAT)
[DEBUG] 2024-07-29 13:25:54.898 [TestNG-tests-1] ResolutionCache - Resolution chrome126=126.0.6478.182 in cache (valid until 16:45:16 29/07/2024 WAT)
[INFO ] 2024-07-29 13:25:54.899 [TestNG-tests-1] WebDriverManager - Using chromedriver 126.0.6478.182 (resolved driver for Chrome 126)
[DEBUG] 2024-07-29 13:25:54.921 [TestNG-tests-1] WebDriverManager - Driver chromedriver 126.0.6478.182 found in cache
[INFO ] 2024-07-29 13:25:54.922 [TestNG-tests-1] WebDriverManager - Exporting webdriver.chrome.driver as C:\Users\Marvo\.cache\selenium\chromedriver\win64\126.0.6478.182\chromedriver.exe
[INFO ] 2024-07-29 13:26:03.945 [TestNG-tests-1] TestBase - Opened WebPage
[DEBUG] 2024-07-29 13:28:11.906 [main] TestNG - suiteXmlPath: "C:\Users\Marvo\Boiler_SeleniumTestNG\testng.xml"
[INFO ] 2024-07-29 13:28:12.769 [main] Utils - [TestNG] Running:
  C:\Users\Marvo\Boiler_SeleniumTestNG\testng.xml

[DEBUG] 2024-07-29 13:28:12.826 [TestNG-tests-1] WebDriverManager - Using WebDriverManager 5.9.1
[DEBUG] 2024-07-29 13:28:13.132 [TestNG-tests-1] ResolutionCache - Resolution chrome=126 in cache (valid until 13:54:50 29/07/2024 WAT)
[DEBUG] 2024-07-29 13:28:13.133 [TestNG-tests-1] ResolutionCache - Resolution chrome126=126.0.6478.182 in cache (valid until 16:45:16 29/07/2024 WAT)
[INFO ] 2024-07-29 13:28:13.134 [TestNG-tests-1] WebDriverManager - Using chromedriver 126.0.6478.182 (resolved driver for Chrome 126)
[DEBUG] 2024-07-29 13:28:13.163 [TestNG-tests-1] WebDriverManager - Driver chromedriver 126.0.6478.182 found in cache
[INFO ] 2024-07-29 13:28:13.164 [TestNG-tests-1] WebDriverManager - Exporting webdriver.chrome.driver as C:\Users\Marvo\.cache\selenium\chromedriver\win64\126.0.6478.182\chromedriver.exe
[INFO ] 2024-07-29 13:28:21.952 [TestNG-tests-1] TestBase - Opened WebPage
[DEBUG] 2024-07-29 13:30:02.379 [main] TestNG - suiteXmlPath: "C:\Users\Marvo\Boiler_SeleniumTestNG\testng.xml"
[INFO ] 2024-07-29 13:30:02.683 [main] Utils - [TestNG] Running:
  C:\Users\Marvo\Boiler_SeleniumTestNG\testng.xml

[DEBUG] 2024-07-29 13:30:02.749 [TestNG-tests-1] WebDriverManager - Using WebDriverManager 5.9.1
[DEBUG] 2024-07-29 13:30:03.100 [TestNG-tests-1] ResolutionCache - Resolution chrome=126 in cache (valid until 13:54:50 29/07/2024 WAT)
[DEBUG] 2024-07-29 13:30:03.101 [TestNG-tests-1] ResolutionCache - Resolution chrome126=126.0.6478.182 in cache (valid until 16:45:16 29/07/2024 WAT)
[INFO ] 2024-07-29 13:30:03.101 [TestNG-tests-1] WebDriverManager - Using chromedriver 126.0.6478.182 (resolved driver for Chrome 126)
[DEBUG] 2024-07-29 13:30:03.128 [TestNG-tests-1] WebDriverManager - Driver chromedriver 126.0.6478.182 found in cache
[INFO ] 2024-07-29 13:30:03.129 [TestNG-tests-1] WebDriverManager - Exporting webdriver.chrome.driver as C:\Users\Marvo\.cache\selenium\chromedriver\win64\126.0.6478.182\chromedriver.exe
[INFO ] 2024-07-29 13:30:10.829 [TestNG-tests-1] TestBase - Opened WebPage
[DEBUG] 2024-07-29 13:31:01.951 [main] TestNG - suiteXmlPath: "C:\Users\Marvo\Boiler_SeleniumTestNG\testng.xml"
[INFO ] 2024-07-29 13:31:03.749 [main] Utils - [TestNG] Running:
  C:\Users\Marvo\Boiler_SeleniumTestNG\testng.xml

[DEBUG] 2024-07-29 13:31:03.807 [TestNG-tests-1] WebDriverManager - Using WebDriverManager 5.9.1
[DEBUG] 2024-07-29 13:31:04.129 [TestNG-tests-1] ResolutionCache - Resolution chrome=126 in cache (valid until 13:54:50 29/07/2024 WAT)
[DEBUG] 2024-07-29 13:31:04.130 [TestNG-tests-1] ResolutionCache - Resolution chrome126=126.0.6478.182 in cache (valid until 16:45:16 29/07/2024 WAT)
[INFO ] 2024-07-29 13:31:04.130 [TestNG-tests-1] WebDriverManager - Using chromedriver 126.0.6478.182 (resolved driver for Chrome 126)
[DEBUG] 2024-07-29 13:31:04.152 [TestNG-tests-1] WebDriverManager - Driver chromedriver 126.0.6478.182 found in cache
[INFO ] 2024-07-29 13:31:04.153 [TestNG-tests-1] WebDriverManager - Exporting webdriver.chrome.driver as C:\Users\Marvo\.cache\selenium\chromedriver\win64\126.0.6478.182\chromedriver.exe
[INFO ] 2024-07-29 13:31:13.628 [TestNG-tests-1] TestBase - Opened WebPage
[DEBUG] 2024-07-29 13:34:39.710 [main] TestNG - suiteXmlPath: "C:\Users\Marvo\Boiler_SeleniumTestNG\testng.xml"
[INFO ] 2024-07-29 13:34:39.983 [main] Utils - [TestNG] Running:
  C:\Users\Marvo\Boiler_SeleniumTestNG\testng.xml

[DEBUG] 2024-07-29 13:34:40.045 [TestNG-tests-1] WebDriverManager - Using WebDriverManager 5.9.1
[DEBUG] 2024-07-29 13:34:40.369 [TestNG-tests-1] ResolutionCache - Resolution chrome=126 in cache (valid until 13:54:50 29/07/2024 WAT)
[DEBUG] 2024-07-29 13:34:40.370 [TestNG-tests-1] ResolutionCache - Resolution chrome126=126.0.6478.182 in cache (valid until 16:45:16 29/07/2024 WAT)
[INFO ] 2024-07-29 13:34:40.371 [TestNG-tests-1] WebDriverManager - Using chromedriver 126.0.6478.182 (resolved driver for Chrome 126)
[DEBUG] 2024-07-29 13:34:40.393 [TestNG-tests-1] WebDriverManager - Driver chromedriver 126.0.6478.182 found in cache
[INFO ] 2024-07-29 13:34:40.394 [TestNG-tests-1] WebDriverManager - Exporting webdriver.chrome.driver as C:\Users\Marvo\.cache\selenium\chromedriver\win64\126.0.6478.182\chromedriver.exe
[INFO ] 2024-07-29 13:34:50.569 [TestNG-tests-1] TestBase - Opened WebPage
[DEBUG] 2024-07-29 13:37:38.277 [main] TestNG - suiteXmlPath: "C:\Users\Marvo\Boiler_SeleniumTestNG\testng.xml"
[INFO ] 2024-07-29 13:37:38.540 [main] Utils - [TestNG] Running:
  C:\Users\Marvo\Boiler_SeleniumTestNG\testng.xml

[DEBUG] 2024-07-29 13:37:38.595 [TestNG-tests-1] WebDriverManager - Using WebDriverManager 5.9.1
[DEBUG] 2024-07-29 13:37:38.925 [TestNG-tests-1] ResolutionCache - Resolution chrome=126 in cache (valid until 13:54:50 29/07/2024 WAT)
[DEBUG] 2024-07-29 13:37:38.926 [TestNG-tests-1] ResolutionCache - Resolution chrome126=126.0.6478.182 in cache (valid until 16:45:16 29/07/2024 WAT)
[INFO ] 2024-07-29 13:37:38.927 [TestNG-tests-1] WebDriverManager - Using chromedriver 126.0.6478.182 (resolved driver for Chrome 126)
[DEBUG] 2024-07-29 13:37:38.957 [TestNG-tests-1] WebDriverManager - Driver chromedriver 126.0.6478.182 found in cache
[INFO ] 2024-07-29 13:37:38.958 [TestNG-tests-1] WebDriverManager - Exporting webdriver.chrome.driver as C:\Users\Marvo\.cache\selenium\chromedriver\win64\126.0.6478.182\chromedriver.exe
[INFO ] 2024-07-29 13:37:49.294 [TestNG-tests-1] TestBase - Opened WebPage
